$AWR Design Environment
$Version 9.01r build 4875 Rev3 (64808)
$Export time : Sat Jun 08 13:58:05 2013
$Export Format: Gerber
$Export File Name: C:\Users\alex\Dropbox\progetto guiding\AWR\Rete a PI\ordine 5\Microstrip filter Pi _ Matlab.ger



Statistics Of Layers

Drawing Layer       Model Layer         Layer DataType Rects Polygons  Paths Ellipses Texts Pins Drillholes
-----------------------------------------------------------------------------------------------------------
Copper              1_0                    0        0     0         7     0        0     0    0         0


Summary Of Objects
------------------
         0 Rects     
         7 Polygons  
         0 Paths     
         0 Texts     
         0 Ellipses  
         0 Instances 
         0 Arrays    
         0 Pins      
         0 Drillholes


Export Options
--------------
Draw path as polygon: 1
Export pcell instances as cells: 0
Export subcircuits as cells: 1
Flatten cell hierarchy: 1
Union polygons on the same layer: 0
Write Cell using cached geometry: 0
Write out pcell parameter maps: 0


*** There were 0 warning and 0 error messages ***

