$AWR Design Environment
$Version 9.01r build 4875 Rev3 (64808)
$Export time : Fri May 31 00:03:28 2013
$Export Format: DXF
$Export File Name: C:\Users\alex\Dropbox\progetto guiding\AWR\Rete a PI\ordine 7\Microstrip filter Pi _ Optimized.dxf



Statistics Of Layers

Drawing Layer       Model Layer         Layer DataType Rects Polygons  Paths Ellipses Texts Pins Drillholes
-----------------------------------------------------------------------------------------------------------
Top Copper          Metal                  0        0     0         0     0        0     0    0         0
Top Copper-         Metal-                 0        0     0         0     0        0     0    0         0


Summary Of Objects
------------------
         0 Rects     
         0 Polygons  
         0 Paths     
         0 Texts     
         0 Ellipses  
         0 Instances 
         0 Arrays    
         0 Pins      
         0 Drillholes


Export Options
--------------
Cell library name: Microstrip filter Pi _ Optimized
Database unit per DXF unit(nm): 1000000
Database unit size (nm):: 127
Draw path as polygon: 1
Export pcell instances as cells: 0
Export subcircuits as cells: 1
Flatten cell hierarchy: 1
Replace illegal characters in layer names: 0
Skip faces and draw pins as polygons: 1
Union polygons on the same layer: 0
Write Cell using cached geometry: 0
Write out pcell parameter maps: 0


*** There were 0 warning and 0 error messages ***

